<?xml version="1.0" encoding="UTF-8"?>
<testsuite xmlns:xsi="http://www.w3.org/2001/XMLSchema-instance" xsi:noNamespaceSchemaLocation="https://maven.apache.org/surefire/maven-surefire-plugin/xsd/surefire-test-report.xsd" version="3.0.2" name="com.example.subsidy.controller.ControllerTest" time="2.339" tests="6" errors="0" skipped="0" failures="0">
  <properties>
[...]
</properties>
  <testcase name="registerApplication_validationError_shouldReturn400" classname="com.example.subsidy.controller.ControllerTest" time="0.185">
    <system-out><![CDATA[13:47:16.348 [main] INFO org.springframework.test.context.support.AnnotationConfigContextLoaderUtils -- Could not detect default configuration classes for test class [com.example.subsidy.controller.ControllerTest]: ControllerTest does not declare any static, non-private, non-final, nested classes annotated with @Configuration.
13:47:16.476 [main] INFO org.springframework.boot.test.context.SpringBootTestContextBootstrapper -- Found @SpringBootConfiguration com.example.subsidy.SubsidyReviewApplication for test class com.example.subsidy.controller.ControllerTest

  .   ____          _            __ _ _
 /\\ / ___'_ __ _ _(_)_ __  __ _ \ \ \ \
( ( )\___ | '_ | '_| | '_ \/ _` | \ \ \ \
 \\/  ___)| |_)| | | | | || (_| |  ) ) ) )
  '  |____| .__|_| |_|_| |_\__, | / / / /
 =========|_|==============|___/=/_/_/_/

 :: Spring Boot ::                (v3.5.9)

2026-07-24T13:47:16.780+08:00  INFO 67060 --- [           main] c.e.subsidy.controller.ControllerTest    : Starting ControllerTest using Java 25.0.2 with PID 67060 (started by vance in /Users/vance/project/mineProject/gsb0722/source/GSB-0722-003-subsidy-pre-disbursement-review/Squirtle)
2026-07-24T13:47:16.781+08:00  INFO 67060 --- [           main] c.e.subsidy.controller.ControllerTest    : No active profile set, falling back to 1 default profile: "default"
2026-07-24T13:47:18.222+08:00  INFO 67060 --- [           main] o.s.b.t.m.w.SpringBootMockServletContext : Initializing Spring TestDispatcherServlet ''
2026-07-24T13:47:18.222+08:00  INFO 67060 --- [           main] o.s.t.web.servlet.TestDispatcherServlet  : Initializing Servlet ''
2026-07-24T13:47:18.224+08:00  INFO 67060 --- [           main] o.s.t.web.servlet.TestDispatcherServlet  : Completed initialization in 1 ms
2026-07-24T13:47:18.242+08:00  INFO 67060 --- [           main] c.e.subsidy.controller.ControllerTest    : Started ControllerTest in 1.717 seconds (process running for 2.803)
]]></system-out>
    <system-err><![CDATA[Mockito is currently self-attaching to enable the inline-mock-maker. This will no longer work in future releases of the JDK. Please add Mockito as an agent to your build as described in Mockito's documentation: https://javadoc.io/doc/org.mockito/mockito-core/latest/org.mockito/org/mockito/Mockito.html#0.3
WARNING: A Java agent has been loaded dynamically (/Users/vance/.m2/repository/net/bytebuddy/byte-buddy-agent/1.17.8/byte-buddy-agent-1.17.8.jar)
WARNING: If a serviceability tool is in use, please run with -XX:+EnableDynamicAgentLoading to hide this warning
WARNING: If a serviceability tool is not in use, please run with -Djdk.instrument.traceUsage for more information
WARNING: Dynamic loading of agents will be disallowed by default in a future release
]]></system-err>
  </testcase>
  <testcase name="closeReview_shouldReturnUpdatedReview" classname="com.example.subsidy.controller.ControllerTest" time="0.054"/>
  <testcase name="submitForReview_shouldReturnOk" classname="com.example.subsidy.controller.ControllerTest" time="0.01"/>
  <testcase name="businessException_shouldReturn400WithMessage" classname="com.example.subsidy.controller.ControllerTest" time="0.01"/>
  <testcase name="registerApplication_shouldReturnOk" classname="com.example.subsidy.controller.ControllerTest" time="0.008"/>
  <testcase name="listApplications_shouldReturnList" classname="com.example.subsidy.controller.ControllerTest" time="0.009"/>
</testsuite>