<?xml version="1.0" encoding="UTF-8"?>
<testsuite xmlns:xsi="http://www.w3.org/2001/XMLSchema-instance" xsi:noNamespaceSchemaLocation="https://maven.apache.org/surefire/maven-surefire-plugin/xsd/surefire-test-report.xsd" version="3.0.2" name="com.example.subsidy.service.SubsidyReviewServiceTest" time="2.114" tests="10" errors="0" skipped="0" failures="0">
  <properties>
[...]
</properties>
  <testcase name="initiateReview_shouldFailWhenRejected" classname="com.example.subsidy.service.SubsidyReviewServiceTest" time="0.015">
    <system-out><![CDATA[2026-07-24T13:47:18.535+08:00  INFO 67060 --- [           main] t.c.s.AnnotationConfigContextLoaderUtils : Could not detect default configuration classes for test class [com.example.subsidy.service.SubsidyReviewServiceTest]: SubsidyReviewServiceTest does not declare any static, non-private, non-final, nested classes annotated with @Configuration.
2026-07-24T13:47:18.544+08:00  INFO 67060 --- [           main] .b.t.c.SpringBootTestContextBootstrapper : Found @SpringBootConfiguration com.example.subsidy.SubsidyReviewApplication for test class com.example.subsidy.service.SubsidyReviewServiceTest

  .   ____          _            __ _ _
 /\\ / ___'_ __ _ _(_)_ __  __ _ \ \ \ \
( ( )\___ | '_ | '_| | '_ \/ _` | \ \ \ \
 \\/  ___)| |_)| | | | | || (_| |  ) ) ) )
  '  |____| .__|_| |_|_| |_\__, | / / / /
 =========|_|==============|___/=/_/_/_/

 :: Spring Boot ::                (v3.5.9)

2026-07-24T13:47:18.565+08:00  INFO 67060 --- [           main] c.e.s.service.SubsidyReviewServiceTest   : Starting SubsidyReviewServiceTest using Java 25.0.2 with PID 67060 (started by vance in /Users/vance/project/mineProject/gsb0722/source/GSB-0722-003-subsidy-pre-disbursement-review/Squirtle)
2026-07-24T13:47:18.565+08:00  INFO 67060 --- [           main] c.e.s.service.SubsidyReviewServiceTest   : No active profile set, falling back to 1 default profile: "default"
2026-07-24T13:47:18.767+08:00  INFO 67060 --- [           main] .s.d.r.c.RepositoryConfigurationDelegate : Bootstrapping Spring Data JPA repositories in DEFAULT mode.
2026-07-24T13:47:18.796+08:00  INFO 67060 --- [           main] .s.d.r.c.RepositoryConfigurationDelegate : Finished Spring Data repository scanning in 20 ms. Found 3 JPA repository interfaces.
2026-07-24T13:47:18.947+08:00  INFO 67060 --- [           main] o.hibernate.jpa.internal.util.LogHelper  : HHH000204: Processing PersistenceUnitInfo [name: default]
2026-07-24T13:47:18.992+08:00  INFO 67060 --- [           main] org.hibernate.Version                    : HHH000412: Hibernate ORM core version 6.6.39.Final
2026-07-24T13:47:19.014+08:00  INFO 67060 --- [           main] o.h.c.internal.RegionFactoryInitiator    : HHH000026: Second-level cache disabled
2026-07-24T13:47:19.107+08:00  INFO 67060 --- [           main] o.s.o.j.p.SpringPersistenceUnitInfo      : No LoadTimeWeaver setup: ignoring JPA class transformer
2026-07-24T13:47:19.142+08:00  INFO 67060 --- [           main] com.zaxxer.hikari.HikariDataSource       : HikariPool-1 - Starting...
2026-07-24T13:47:19.292+08:00  INFO 67060 --- [           main] com.zaxxer.hikari.pool.HikariPool        : HikariPool-1 - Added connection conn0: url=jdbc:h2:mem:testdb user=SA
2026-07-24T13:47:19.293+08:00  INFO 67060 --- [           main] com.zaxxer.hikari.HikariDataSource       : HikariPool-1 - Start completed.
2026-07-24T13:47:19.311+08:00  WARN 67060 --- [           main] org.hibernate.orm.deprecation            : HHH90000025: H2Dialect does not need to be specified explicitly using 'hibernate.dialect' (remove the property setting and it will be selected by default)
2026-07-24T13:47:19.326+08:00  INFO 67060 --- [           main] org.hibernate.orm.connections.pooling    : HHH10001005: Database info:
	Database JDBC URL [Connecting through datasource 'HikariDataSource (HikariPool-1)']
	Database driver: undefined/unknown
	Database version: 2.3.232
	Autocommit mode: undefined/unknown
	Isolation level: undefined/unknown
	Minimum pool size: undefined/unknown
	Maximum pool size: undefined/unknown
2026-07-24T13:47:19.884+08:00  INFO 67060 --- [           main] o.h.e.t.j.p.i.JtaPlatformInitiator       : HHH000489: No JTA platform available (set 'hibernate.transaction.jta.platform' to enable JTA platform integration)
2026-07-24T13:47:19.929+08:00  INFO 67060 --- [           main] j.LocalContainerEntityManagerFactoryBean : Initialized JPA EntityManagerFactory for persistence unit 'default'
2026-07-24T13:47:20.252+08:00  WARN 67060 --- [           main] JpaBaseConfiguration$JpaWebConfiguration : spring.jpa.open-in-view is enabled by default. Therefore, database queries may be performed during view rendering. Explicitly configure spring.jpa.open-in-view to disable this warning
2026-07-24T13:47:20.366+08:00  INFO 67060 --- [           main] c.e.s.service.SubsidyReviewServiceTest   : Started SubsidyReviewServiceTest in 1.818 seconds (process running for 4.927)
]]></system-out>
  </testcase>
  <testcase name="initiateReview_shouldFailWhenDisbursed" classname="com.example.subsidy.service.SubsidyReviewServiceTest" time="0.01"/>
  <testcase name="flowRecords_shouldBeRecordedForEveryTransition" classname="com.example.subsidy.service.SubsidyReviewServiceTest" time="0.019"/>
  <testcase name="initiateReview_shouldFailWhenNotApproved" classname="com.example.subsidy.service.SubsidyReviewServiceTest" time="0.006"/>
  <testcase name="closeReview_shouldFailWhenAlreadyClosed" classname="com.example.subsidy.service.SubsidyReviewServiceTest" time="0.011"/>
  <testcase name="returnFlow_shouldAllowCorrectionAndResubmission" classname="com.example.subsidy.service.SubsidyReviewServiceTest" time="0.013"/>
  <testcase name="fullHappyPath_shouldPassThroughAllStatesToDisbursed" classname="com.example.subsidy.service.SubsidyReviewServiceTest" time="0.012"/>
  <testcase name="invalidTransition_shouldFail" classname="com.example.subsidy.service.SubsidyReviewServiceTest" time="0.004"/>
  <testcase name="initiateReview_shouldFailWhenOpenReviewExists" classname="com.example.subsidy.service.SubsidyReviewServiceTest" time="0.012"/>
  <testcase name="register_shouldCreateApplicationWithRegisteredStatus" classname="com.example.subsidy.service.SubsidyReviewServiceTest" time="0.004"/>
</testsuite>