<?xml version="1.0" encoding="UTF-8"?>
<testsuite xmlns:xsi="http://www.w3.org/2001/XMLSchema-instance" xsi:noNamespaceSchemaLocation="https://maven.apache.org/surefire/maven-surefire-plugin/xsd/surefire-test-report-3.0.xsd" version="3.0" name="com.example.subsidy.controller.SubsidyControllerTest" time="5.074" tests="9" errors="0" skipped="0" failures="0">
  <properties>
[...]
</properties>
  <testcase name="initiateReview_onRejectedApp_shouldReturn400" classname="com.example.subsidy.controller.SubsidyControllerTest" time="0.507">
    <system-out><![CDATA[12:01:42.462 [main] INFO org.springframework.test.context.support.AnnotationConfigContextLoaderUtils -- Could not detect default configuration classes for test class [com.example.subsidy.controller.SubsidyControllerTest]: SubsidyControllerTest does not declare any static, non-private, non-final, nested classes annotated with @Configuration.
12:01:42.702 [main] INFO org.springframework.boot.test.context.SpringBootTestContextBootstrapper -- Found @SpringBootConfiguration com.example.subsidy.SubsidyReviewApplication for test class com.example.subsidy.controller.SubsidyControllerTest

  .   ____          _            __ _ _
 /\\ / ___'_ __ _ _(_)_ __  __ _ \ \ \ \
( ( )\___ | '_ | '_| | '_ \/ _` | \ \ \ \
 \\/  ___)| |_)| | | | | || (_| |  ) ) ) )
  '  |____| .__|_| |_|_| |_\__, | / / / /
 =========|_|==============|___/=/_/_/_/

 :: Spring Boot ::                (v3.3.5)

2026-07-24T12:01:43.343+08:00  INFO 57551 --- [subsidy-review] [           main] c.e.s.controller.SubsidyControllerTest   : Starting SubsidyControllerTest using Java 25.0.2 with PID 57551 (started by vance in /Users/vance/project/mineProject/gsb0722/source/GSB-0722-003-subsidy-pre-disbursement-review/Charmander)
2026-07-24T12:01:43.344+08:00  INFO 57551 --- [subsidy-review] [           main] c.e.s.controller.SubsidyControllerTest   : No active profile set, falling back to 1 default profile: "default"
2026-07-24T12:01:43.928+08:00  INFO 57551 --- [subsidy-review] [           main] .s.d.r.c.RepositoryConfigurationDelegate : Bootstrapping Spring Data JPA repositories in DEFAULT mode.
2026-07-24T12:01:43.966+08:00  INFO 57551 --- [subsidy-review] [           main] .s.d.r.c.RepositoryConfigurationDelegate : Finished Spring Data repository scanning in 33 ms. Found 3 JPA repository interfaces.
2026-07-24T12:01:44.347+08:00  INFO 57551 --- [subsidy-review] [           main] o.hibernate.jpa.internal.util.LogHelper  : HHH000204: Processing PersistenceUnitInfo [name: default]
2026-07-24T12:01:44.409+08:00  INFO 57551 --- [subsidy-review] [           main] org.hibernate.Version                    : HHH000412: Hibernate ORM core version 6.5.3.Final
2026-07-24T12:01:44.433+08:00  INFO 57551 --- [subsidy-review] [           main] o.h.c.internal.RegionFactoryInitiator    : HHH000026: Second-level cache disabled
2026-07-24T12:01:44.875+08:00  INFO 57551 --- [subsidy-review] [           main] o.s.o.j.p.SpringPersistenceUnitInfo      : No LoadTimeWeaver setup: ignoring JPA class transformer
2026-07-24T12:01:44.918+08:00  INFO 57551 --- [subsidy-review] [           main] com.zaxxer.hikari.HikariDataSource       : HikariPool-1 - Starting...
2026-07-24T12:01:45.105+08:00  INFO 57551 --- [subsidy-review] [           main] com.zaxxer.hikari.pool.HikariPool        : HikariPool-1 - Added connection conn0: url=jdbc:h2:mem:subsidy user=SA
2026-07-24T12:01:45.106+08:00  INFO 57551 --- [subsidy-review] [           main] com.zaxxer.hikari.HikariDataSource       : HikariPool-1 - Start completed.
2026-07-24T12:01:45.705+08:00  INFO 57551 --- [subsidy-review] [           main] o.h.e.t.j.p.i.JtaPlatformInitiator       : HHH000489: No JTA platform available (set 'hibernate.transaction.jta.platform' to enable JTA platform integration)
Hibernate: 
    drop table if exists application_flow_record cascade 
Hibernate: 
    drop table if exists subsidy_application cascade 
Hibernate: 
    drop table if exists subsidy_review cascade 
Hibernate: 
    create table application_flow_record (
        application_id bigint not null,
        id bigint generated by default as identity,
        operated_at timestamp(6) not null,
        operation varchar(100) not null,
        operator varchar(100),
        remark varchar(500),
        from_status enum ('DISBURSED','PENDING_CORRECTION','PRE_REVIEWING','REGISTERED','REVIEW_APPROVED','REVIEW_REJECTED'),
        to_status enum ('DISBURSED','PENDING_CORRECTION','PRE_REVIEWING','REGISTERED','REVIEW_APPROVED','REVIEW_REJECTED') not null,
        primary key (id)
    )
Hibernate: 
    create table subsidy_application (
        amount numeric(15,2) not null,
        created_at timestamp(6) not null,
        id bigint generated by default as identity,
        updated_at timestamp(6) not null,
        subsidy_period varchar(50) not null,
        unit_name varchar(200) not null,
        status enum ('DISBURSED','PENDING_CORRECTION','PRE_REVIEWING','REGISTERED','REVIEW_APPROVED','REVIEW_REJECTED') not null,
        primary key (id)
    )
Hibernate: 
    create table subsidy_review (
        application_id bigint not null,
        completed_at timestamp(6),
        id bigint generated by default as identity,
        initiated_at timestamp(6) not null,
        handler varchar(100),
        initiated_by varchar(100),
        problem_description varchar(1000),
        conclusion enum ('PASS','RETURN'),
        risk_level enum ('HIGH','LOW','MEDIUM'),
        status enum ('CLOSED','IN_PROGRESS') not null,
        primary key (id)
    )
Hibernate: 
    alter table if exists application_flow_record 
       add constraint FKrooy2whm32tmfvamc2ua56pfp 
       foreign key (application_id) 
       references subsidy_application
Hibernate: 
    alter table if exists subsidy_review 
       add constraint FKl2vb0mnwee3oiwsicidavkldx 
       foreign key (application_id) 
       references subsidy_application
2026-07-24T12:01:45.733+08:00  INFO 57551 --- [subsidy-review] [           main] j.LocalContainerEntityManagerFactoryBean : Initialized JPA EntityManagerFactory for persistence unit 'default'
2026-07-24T12:01:46.091+08:00  WARN 57551 --- [subsidy-review] [           main] JpaBaseConfiguration$JpaWebConfiguration : spring.jpa.open-in-view is enabled by default. Therefore, database queries may be performed during view rendering. Explicitly configure spring.jpa.open-in-view to disable this warning
2026-07-24T12:01:46.466+08:00  INFO 57551 --- [subsidy-review] [           main] o.s.b.a.h2.H2ConsoleAutoConfiguration    : H2 console available at '/h2-console'. Database available at 'jdbc:h2:mem:subsidy'
2026-07-24T12:01:46.573+08:00  INFO 57551 --- [subsidy-review] [           main] o.s.b.t.m.w.SpringBootMockServletContext : Initializing Spring TestDispatcherServlet ''
2026-07-24T12:01:46.574+08:00  INFO 57551 --- [subsidy-review] [           main] o.s.t.web.servlet.TestDispatcherServlet  : Initializing Servlet ''
2026-07-24T12:01:46.575+08:00  INFO 57551 --- [subsidy-review] [           main] o.s.t.web.servlet.TestDispatcherServlet  : Completed initialization in 0 ms
2026-07-24T12:01:46.588+08:00  INFO 57551 --- [subsidy-review] [           main] c.e.s.controller.SubsidyControllerTest   : Started SubsidyControllerTest in 3.652 seconds (process running for 5.136)
Hibernate: 
    select
        sa1_0.id,
        sa1_0.amount,
        sa1_0.created_at,
        sa1_0.status,
        sa1_0.subsidy_period,
        sa1_0.unit_name,
        sa1_0.updated_at 
    from
        subsidy_application sa1_0 
    where
        sa1_0.id=?
2026-07-24T12:01:47.069+08:00  WARN 57551 --- [subsidy-review] [           main] c.e.s.exception.GlobalExceptionHandler   : 业务异常: 复审未通过的申请不能发起复核
]]></system-out>
    <system-err><![CDATA[WARNING: A Java agent has been loaded dynamically (/Users/vance/.m2/repository/net/bytebuddy/byte-buddy-agent/1.14.19/byte-buddy-agent-1.14.19.jar)
WARNING: If a serviceability tool is in use, please run with -XX:+EnableDynamicAgentLoading to hide this warning
WARNING: If a serviceability tool is not in use, please run with -Djdk.instrument.traceUsage for more information
WARNING: Dynamic loading of agents will be disallowed by default in a future release
]]></system-err>
  </testcase>
  <testcase name="initiateReview_onDisbursedApp_shouldReturn400" classname="com.example.subsidy.controller.SubsidyControllerTest" time="0.006">
    <system-out><![CDATA[Hibernate: 
    select
        sa1_0.id,
        sa1_0.amount,
        sa1_0.created_at,
        sa1_0.status,
        sa1_0.subsidy_period,
        sa1_0.unit_name,
        sa1_0.updated_at 
    from
        subsidy_application sa1_0 
    where
        sa1_0.id=?
2026-07-24T12:01:47.109+08:00  WARN 57551 --- [subsidy-review] [           main] c.e.s.exception.GlobalExceptionHandler   : 业务异常: 已拨付的申请不能发起复核
]]></system-out>
  </testcase>
  <testcase name="fullLifecycle_shouldSucceed" classname="com.example.subsidy.controller.SubsidyControllerTest" time="0.143">
    <system-out><![CDATA[Hibernate: 
    insert 
    into
        subsidy_application
        (amount, created_at, status, subsidy_period, unit_name, updated_at, id) 
    values
        (?, ?, ?, ?, ?, ?, default)
Hibernate: 
    insert 
    into
        application_flow_record
        (application_id, from_status, operated_at, operation, operator, remark, to_status, id) 
    values
        (?, ?, ?, ?, ?, ?, ?, default)
Hibernate: 
    insert 
    into
        application_flow_record
        (application_id, from_status, operated_at, operation, operator, remark, to_status, id) 
    values
        (?, ?, ?, ?, ?, ?, ?, default)
Hibernate: 
    update
        subsidy_application 
    set
        amount=?,
        status=?,
        subsidy_period=?,
        unit_name=?,
        updated_at=? 
    where
        id=?
Hibernate: 
    select
        sr1_0.id 
    from
        subsidy_review sr1_0 
    where
        sr1_0.application_id=? 
        and sr1_0.status=? 
    fetch
        first ? rows only
Hibernate: 
    insert 
    into
        subsidy_review
        (application_id, completed_at, conclusion, handler, initiated_at, initiated_by, problem_description, risk_level, status, id) 
    values
        (?, ?, ?, ?, ?, ?, ?, ?, ?, default)
Hibernate: 
    insert 
    into
        application_flow_record
        (application_id, from_status, operated_at, operation, operator, remark, to_status, id) 
    values
        (?, ?, ?, ?, ?, ?, ?, default)
Hibernate: 
    insert 
    into
        application_flow_record
        (application_id, from_status, operated_at, operation, operator, remark, to_status, id) 
    values
        (?, ?, ?, ?, ?, ?, ?, default)
Hibernate: 
    update
        subsidy_review 
    set
        application_id=?,
        completed_at=?,
        conclusion=?,
        handler=?,
        initiated_at=?,
        initiated_by=?,
        problem_description=?,
        risk_level=?,
        status=? 
    where
        id=?
Hibernate: 
    select
        sr1_0.id 
    from
        subsidy_review sr1_0 
    where
        sr1_0.application_id=? 
        and sr1_0.status=? 
    fetch
        first ? rows only
Hibernate: 
    insert 
    into
        application_flow_record
        (application_id, from_status, operated_at, operation, operator, remark, to_status, id) 
    values
        (?, ?, ?, ?, ?, ?, ?, default)
Hibernate: 
    update
        subsidy_application 
    set
        amount=?,
        status=?,
        subsidy_period=?,
        unit_name=?,
        updated_at=? 
    where
        id=?
Hibernate: 
    select
        afr1_0.id,
        afr1_0.application_id,
        afr1_0.from_status,
        afr1_0.operated_at,
        afr1_0.operation,
        afr1_0.operator,
        afr1_0.remark,
        afr1_0.to_status 
    from
        application_flow_record afr1_0 
    where
        afr1_0.application_id=? 
    order by
        afr1_0.operated_at
]]></system-out>
  </testcase>
  <testcase name="getNonExistentApp_shouldReturn404" classname="com.example.subsidy.controller.SubsidyControllerTest" time="0.005">
    <system-out><![CDATA[Hibernate: 
    select
        sa1_0.id,
        sa1_0.amount,
        sa1_0.created_at,
        sa1_0.status,
        sa1_0.subsidy_period,
        sa1_0.unit_name,
        sa1_0.updated_at 
    from
        subsidy_application sa1_0 
    where
        sa1_0.id=?
2026-07-24T12:01:47.259+08:00  WARN 57551 --- [subsidy-review] [           main] c.e.s.exception.GlobalExceptionHandler   : 业务异常: 申请不存在，ID: 99999
]]></system-out>
  </testcase>
  <testcase name="initiateReview_onAlreadyReviewingApp_shouldReturn400" classname="com.example.subsidy.controller.SubsidyControllerTest" time="0.004">
    <system-out><![CDATA[Hibernate: 
    select
        sa1_0.id,
        sa1_0.amount,
        sa1_0.created_at,
        sa1_0.status,
        sa1_0.subsidy_period,
        sa1_0.unit_name,
        sa1_0.updated_at 
    from
        subsidy_application sa1_0 
    where
        sa1_0.id=?
2026-07-24T12:01:47.264+08:00  WARN 57551 --- [subsidy-review] [           main] c.e.s.exception.GlobalExceptionHandler   : 业务异常: 只有复审通过状态的申请才能发起复核，当前状态: 复核中
]]></system-out>
  </testcase>
  <testcase name="getReviewsByApplication_shouldReturnRecords" classname="com.example.subsidy.controller.SubsidyControllerTest" time="0.007">
    <system-out><![CDATA[Hibernate: 
    select
        sa1_0.id,
        sa1_0.amount,
        sa1_0.created_at,
        sa1_0.status,
        sa1_0.subsidy_period,
        sa1_0.unit_name,
        sa1_0.updated_at 
    from
        subsidy_application sa1_0 
    where
        sa1_0.id=?
Hibernate: 
    select
        sr1_0.id,
        sr1_0.application_id,
        sr1_0.completed_at,
        sr1_0.conclusion,
        sr1_0.handler,
        sr1_0.initiated_at,
        sr1_0.initiated_by,
        sr1_0.problem_description,
        sr1_0.risk_level,
        sr1_0.status 
    from
        subsidy_review sr1_0 
    where
        sr1_0.application_id=? 
    order by
        sr1_0.initiated_at desc
]]></system-out>
  </testcase>
  <testcase name="reviewReturn_andCorrection_shouldSucceed" classname="com.example.subsidy.controller.SubsidyControllerTest" time="0.018">
    <system-out><![CDATA[Hibernate: 
    insert 
    into
        subsidy_application
        (amount, created_at, status, subsidy_period, unit_name, updated_at, id) 
    values
        (?, ?, ?, ?, ?, ?, default)
Hibernate: 
    insert 
    into
        application_flow_record
        (application_id, from_status, operated_at, operation, operator, remark, to_status, id) 
    values
        (?, ?, ?, ?, ?, ?, ?, default)
Hibernate: 
    insert 
    into
        application_flow_record
        (application_id, from_status, operated_at, operation, operator, remark, to_status, id) 
    values
        (?, ?, ?, ?, ?, ?, ?, default)
Hibernate: 
    update
        subsidy_application 
    set
        amount=?,
        status=?,
        subsidy_period=?,
        unit_name=?,
        updated_at=? 
    where
        id=?
Hibernate: 
    select
        sr1_0.id 
    from
        subsidy_review sr1_0 
    where
        sr1_0.application_id=? 
        and sr1_0.status=? 
    fetch
        first ? rows only
Hibernate: 
    insert 
    into
        subsidy_review
        (application_id, completed_at, conclusion, handler, initiated_at, initiated_by, problem_description, risk_level, status, id) 
    values
        (?, ?, ?, ?, ?, ?, ?, ?, ?, default)
Hibernate: 
    insert 
    into
        application_flow_record
        (application_id, from_status, operated_at, operation, operator, remark, to_status, id) 
    values
        (?, ?, ?, ?, ?, ?, ?, default)
Hibernate: 
    insert 
    into
        application_flow_record
        (application_id, from_status, operated_at, operation, operator, remark, to_status, id) 
    values
        (?, ?, ?, ?, ?, ?, ?, default)
Hibernate: 
    insert 
    into
        application_flow_record
        (application_id, from_status, operated_at, operation, operator, remark, to_status, id) 
    values
        (?, ?, ?, ?, ?, ?, ?, default)
]]></system-out>
  </testcase>
  <testcase name="getAllApplications_shouldReturnSampleData" classname="com.example.subsidy.controller.SubsidyControllerTest" time="0.006">
    <system-out><![CDATA[Hibernate: 
    select
        sa1_0.id,
        sa1_0.amount,
        sa1_0.created_at,
        sa1_0.status,
        sa1_0.subsidy_period,
        sa1_0.unit_name,
        sa1_0.updated_at 
    from
        subsidy_application sa1_0 
    order by
        sa1_0.created_at desc
]]></system-out>
  </testcase>
  <testcase name="createApplication_missingUnitName_shouldReturn400" classname="com.example.subsidy.controller.SubsidyControllerTest" time="0.007">
    <system-out><![CDATA[2026-07-24T12:01:47.305+08:00  WARN 57551 --- [subsidy-review] [           main] c.e.s.exception.GlobalExceptionHandler   : 参数校验失败: 单位名称不能为空
]]></system-out>
  </testcase>
</testsuite>